#
#
#
#
#
#    Don't try viewing this report without a plog-converter utility!!!
#
#    plog-converter -a GA:1,2 -t tasklist -o report.tasks /path/to/this/file.log
#
#    A link to the documentation: https://www.viva64.com/en/m/0036/
#
#
#
#
#
d99cf3ba-6fcd-43f9-9260-1179fa3a9bed
r-vUVbw<6y|D3 h22y|D3J*Xy|D3(L8Pu(O88o28U_ua(O6T.(9P =}'y|D3uaa8ay|D3r[GVy|D31>'8aau'oc 8aPUo}c{8>=-_uac'Lu's->jcoLucoL-a_cU'ohU2cUajhPu>oc8 coLucNka->o Nc h>'o-8>}c,Luc.1HQ<Fc->oujuacofkucUajhPu>oc-=cu/ku'ou_}y|D3 U2=uy|D3*y|D3y|D3cka->o ;RY=)>F-=sc.-:u%cY_c6-O)>REc_-=s>UPuEc_-=s=-:u^ny|D3cka->o ;RQUPuccccccccccccccccccccccccccccpcccccccccccc.-:uc;O^pccccccCu=uavu_c;6-O^)>R^ny|D3y|D3{4<wVJX
r-vUVbw<6y|D3 h22y|D3J[by|D3(L8Pu(O88o28U_ua(O6T.(9P =}'y|D3uaa8ay|D3r[GVy|D31>'8aau'oc 8aPUo}c{8>=-_uac'Lu's->jcoLucoL-a_cU'ohU2cUajhPu>oc8 coLucNka->o Nc h>'o-8>}c,Luc.1HQ<Fc->oujuacofkucUajhPu>oc-=cu/ku'ou_}y|D3 U2=uy|D3*y|D3ccdy|D3cccka->o ;RYw*J=cYJS22_cYJS22_)>REcu>oaf}T-2uQUPuEcu>oaf}T-2u.-:uEc;u>oaf}Cu=uavu_O28's=+J^^ny|D3ccBy|D3y|D3{4<wVJX
r-vUVbw<6y|D3 h22y|D3J[by|D3(L8Pu(O88o28U_ua(O6T.(9P =}'y|D3uaa8ay|D3r[GVy|D31>'8aau'oc 8aPUo}c{8>=-_uac'Lu's->jcoLuc 8haoLcU'ohU2cUajhPu>oc8 coLucNka->o Nc h>'o-8>}c,Luc.1HQ<Fc->oujuacofkucUajhPu>oc-=cu/ku'ou_}y|D3 U2=uy|D3*y|D3ccdy|D3cccka->o ;RYw*J=cYJS22_cYJS22_)>REcu>oaf}T-2uQUPuEcu>oaf}T-2u.-:uEc;u>oaf}Cu=uavu_O28's=+J^^ny|D3ccBy|D3y|D3{4<wVJX
r-vUVbw<6y|D3 h22y|D3*Viy|D3(L8Pu(O88o28U_ua(O6T.(9P =}'y|D3uaa8ay|D3r[Xby|D3,LucN_-=s.-:uNcvU2huc-=ckau=u>oc8>c98oLc=-_u=c8 coLucN3Nc8kuaUo8a}c,Lucu/kau==-8>c-=c->'8aau'oc8ac-oc'U>c9uc=-Pk2- -u_}y|D3 U2=uy|D3*y|D3ccdy|D3ccc- c;_-=s.-:uc+cxSJbc3c_-=s.-:uc^c((c6Usuc=hauc]uc_8>Noc8vua 28]y|D3cccdy|D3y|D3
r-vUVbw<6y|D3 h22y|D3bSXy|D3(L8Pu(O88o28U_ua(O6T.(9P =}'y|D3uaa8ay|D3r[GVy|D31>'8aau'oc 8aPUo}c{8>=-_uac'Lu's->jcoLuc=u'8>_cU'ohU2cUajhPu>oc8 coLucNka->o Nc h>'o-8>}cg>_uac'uaoU->c'8>_-o-8>=coLuck8->ouac'U>c9uc>h22}y|D3 U2=uy|D3*y|D3ccdy|D3cccka->o ;R<aa8a%cg>U92uco8c8ku>cY=c -2ucNY=N)>REc988oT-2u,fkuEc988o^ny|D3cccauocmcxny|D3y|D3{4<wVXG
r-vUVbw<6y|D3 h22y|D3b[Jy|D3(L8Pu(O88o28U_ua(O6T.(9P =}'y|D3uaa8ay|D3r[G[y|D3,Luck8ou>o-U2c>h22ck8->ouac-=ckU==u_c->o8cNPuP=uoNc h>'o-8>}c1>=ku'ocoLuc -a=ocUajhPu>o}y|D3 U2=uy|D3*y|D3cc_8h92uckua'u>ony|D3ccPuP=uo;9h  uaEcSEc9h  ua.-:u^ny|D3cc]a-ou.-:ucmcSny|D3y|D3{4<wVJX
r-vUVbw<6y|D3 h22y|D3bXJy|D3(L8Pu(O88o28U_ua(O6T.(9P =}'y|D3uaa8ay|D3r[G[y|D3,Luck8ou>o-U2c>h22ck8->ouac-=ckU==u_c->o8cNau]->_Nc h>'o-8>}c1>=ku'ocoLuc -a=ocUajhPu>o}y|D3 U2=uy|D3*y|D3cdy|D3ccau]->_;_-=s^ny|D3cc 8aPUo;^ny|D3y|D3{4<wVJX
r-vUVbw<6y|D3 h22y|D3[Sxy|D3(L8Pu(O88o28U_ua(O6T.(9P =}'y|D3uaa8ay|D3rxSSby|D3,LucNP9aNck8->ouac]U=ch=u_ch>=U u2fcU ouac-oc]U=cvua- -u_cUjU->=oc>h22koa}c{Lu'sc2->u=%c*iJEc[Sx}y|D3 U2=uy|D3*y|D3ccdy|D3cccka->o ;R<aa8a%cTU-2u_co8cauU_c -2ucNY=N)>REcP9a^ny|D3cccauocmcxny|D3[SxE*iJy|D3{4<wVXG
r-vUVbw<6y|D3 h22y|D3[[Jy|D3(L8Pu(O88o28U_ua(O6T.(9P =}'y|D3uaa8ay|D3r[i[y|D3,LucN_-=sNck8->ouac]U=cho-2-:u_c9u 8auc-oc]U=cvua- -u_cUjU->=oc>h22koa}c{Lu'sc2->u=%c[[JEc[G[}y|D3 U2=uy|D3xy|D3cccdy|D3cccc- c; uaa8a;_-=s^^y|D3ccccdy|D3[[JE[G[y|D3{4<wbGV
r-vUVbw<6y|D3 h22y|D3V*Xy|D3(L8Pu(O88o28U_ua(O6T.(9P =}'y|D3uaa8ay|D3rxS*Jy|D3,Luck8->ouacN_-aK'8kfNc-=c'U=oco8cUcP8auc=oa-'o2fcU2-j>u_ck8->ouacofku}y|D3 U2=uy|D3Jy|D3ccdy|D3ccck<>oafcmc;=oah'ocO6T.<>oafc+^;_-aK'8kfctco->oc+cVb^nc((ck8->o=co8coLuc'haau>oc_-au'o8afcu>oafy|D3ccc- c;k<>oafw3T-2uQUPu!S"cmmcS/SS^c((cu>_c8 c_-au'o8afy|D3y|D3{4<wXb*
r-vUVbw<6y|D3 h22y|D3VXiy|D3(L8Pu(O88o28U_ua(O6T.(9P =}'y|D3uaa8ay|D3r[GVy|D31>'8aau'oc 8aPUo}c{8>=-_uac'Lu's->jcoLuc=u'8>_cU'ohU2cUajhPu>oc8 coLucNka->o Nc h>'o-8>}c,Luc.1HQ<Fc->oujuacofkucUajhPu>oc-=cu/ku'ou_}y|D3 U2=uy|D3*y|D3ccdy|D3cccka->o ;R{U>>8oc'auUouc -2uc8 c=-:ucY22_c6-O})>REcPU/=-:u^ny|D3cccauoha>ny|D3y|D3{4<wVJX
r-vUVbw<6y|D3 h22y|D3Viby|D3(L8Pu(O88o28U_ua(O6T.(9P =}'y|D3uaa8ay|D3rxS*Jy|D3,Luck8->ouacNF-au'o8afNc-=c'U=oco8cUcP8auc=oa-'o2fcU2-j>u_ck8->ouacofku}y|D3 U2=uy|D3Jy|D3cc((c$__c -2ucau'8a_co8cF-au'o8afy|D3cck<>oafcmc;=oah'ocO6T.<>oafc+^;F-au'o8afctc -a=oK auuKu>oafc+cVb^ny|D3cck<>oafw3.oUao->jO28'scmc>u]K -2uK=oUaony|D3y|D3{4<wXb*
